<?xml version="1.0" encoding="UTF-8"?>
<!-- Generated by org.testng.reporters.JUnitReportReporter -->
<testsuite hostname="5CG232143J" failures="0" tests="4" name="api.test.UserTests" time="8.367" errors="0" timestamp="2024-10-22T13:12:37 IST" skipped="0">
  <testcase classname="api.test.UserTests" name="testPostUser" time="2.909"/>
  <system-out/>
  <testcase classname="api.test.UserTests" name="getUserByName" time="1.282"/>
  <system-out/>
  <testcase classname="api.test.UserTests" name="testUpdateUserByName" time="2.645"/>
  <system-out/>
  <testcase classname="api.test.UserTests" name="testDeleteUserByName" time="1.531"/>
  <system-out/>
</testsuite> <!-- api.test.UserTests -->
