<?xml version="1.0" encoding="UTF-8"?>
<!-- Generated by org.testng.reporters.JUnitReportReporter -->
<testsuite hostname="5CG232143J" failures="0" tests="2" name="api.test.DDTests" time="0.000" errors="0" timestamp="2024-10-22T10:01:34 IST" skipped="2">
  <testcase classname="api.test.DDTests" name="testPostuser" time="0.000">
    <skipped/>
  </testcase> <!-- testPostuser -->
  <system-out/>
  <testcase classname="api.test.DDTests" name="testDeleteUserByName" time="0.000">
    <skipped/>
  </testcase> <!-- testDeleteUserByName -->
  <system-out/>
</testsuite> <!-- api.test.DDTests -->
