<?xml version="1.0" encoding="UTF-8"?>
<!-- Generated by org.testng.reporters.JUnitReportReporter -->
<testsuite hostname="5CG232143J" failures="0" tests="4" name="api.test.UserTests" time="8.344" errors="0" timestamp="2024-10-22T15:21:18 IST" skipped="0">
  <testcase classname="api.test.UserTests" name="testPostUser" time="3.046"/>
  <testcase classname="api.test.UserTests" name="getUserByName" time="1.385"/>
  <testcase classname="api.test.UserTests" name="testUpdateUserByName" time="2.661"/>
  <testcase classname="api.test.UserTests" name="testDeleteUserByName" time="1.252"/>
</testsuite> <!-- api.test.UserTests -->
